#
# There is insufficient memory for the Java Runtime Environment to continue.
# Native memory allocation (malloc) failed to allocate 1048576 bytes for AllocateHeap
# Possible reasons:
#   The system is out of physical RAM or swap space
#   In 32 bit mode, the process size limit was hit
# Possible solutions:
#   Reduce memory load on the system
#   Increase physical memory or swap space
#   Check if swap backing store is full
#   Use 64 bit Java on a 64 bit OS
#   Decrease Java heap size (-Xmx/-Xms)
#   Decrease number of Java threads
#   Decrease Java thread stack sizes (-Xss)
#   Set larger code cache with -XX:ReservedCodeCacheSize=
# This output file may be truncated or incomplete.
#
#  Out of Memory Error (memory/allocation.inline.hpp:61), pid=8760, tid=0x0000000000001ce8
#
# JRE version:  (8.0_171-b11) (build )
# Java VM: Java HotSpot(TM) 64-Bit Server VM (25.171-b11 mixed mode windows-amd64 compressed oops)
# Failed to write core dump. Minidumps are not enabled by default on client versions of Windows
#

---------------  T H R E A D  ---------------

Current thread (0x0000000001dfe000):  JavaThread "Unknown thread" [_thread_in_vm, id=7400, stack(0x0000000001ca0000,0x0000000001da0000)]

Stack: [0x0000000001ca0000,0x0000000001da0000]
[error occurred during error reporting (printing stack bounds), id 0xc0000005]

Native frames: (J=compiled Java code, j=interpreted, Vv=VM code, C=native code)


---------------  P R O C E S S  ---------------

Java Threads: ( => current thread )

Other Threads:

=>0x0000000001dfe000 (exited) JavaThread "Unknown thread" [_thread_in_vm, id=7400, stack(0x0000000001ca0000,0x0000000001da0000)]

VM state:not at safepoint (normal execution)

VM Mutex/Monitor currently owned by a thread: None

Heap:
 PSYoungGen      total 18944K, used 327K [0x00000000eb400000, 0x00000000ec900000, 0x0000000100000000)
  eden space 16384K, 2% used [0x00000000eb400000,0x00000000eb451ec8,0x00000000ec400000)
  from space 2560K, 0% used [0x00000000ec680000,0x00000000ec680000,0x00000000ec900000)
  to   space 2560K, 0% used [0x00000000ec400000,0x00000000ec400000,0x00000000ec680000)
 ParOldGen       total 44032K, used 0K [0x00000000c1c00000, 0x00000000c4700000, 0x00000000eb400000)
  object space 44032K, 0% used [0x00000000c1c00000,0x00000000c1c00000,0x00000000c4700000)
 Metaspace       used 750K, capacity 4480K, committed 4480K, reserved 1056768K
  class space    used 76K, capacity 384K, committed 384K, reserved 1048576K

Card table byte_map: [0x00000000112f0000,0x00000000114f0000] byte_map_base: 0x0000000010ce2000

Marking Bits: (ParMarkBitMap*) 0x00000000563108c0
 Begin Bits: [0x0000000011a40000, 0x00000000129d0000)
 End Bits:   [0x00000000129d0000, 0x0000000013960000)

Polling page: 0x0000000000520000

CodeCache: size=245760Kb used=328Kb max_used=328Kb free=245431Kb
 bounds [0x0000000001f30000, 0x00000000021a0000, 0x0000000010f30000]
 total_blobs=58 nmethods=0 adapters=38
 compilation: enabled

Compilation events (0 events):
No events

GC Heap History (0 events):
No events

Deoptimization events (0 events):
No events

Classes redefined (0 events):
No events

Internal exceptions (0 events):
No events

Events (10 events):
Event: 0.200 loading class java/lang/Short
Event: 0.201 loading class java/lang/Short done
Event: 0.201 loading class java/lang/Integer
Event: 0.202 loading class java/lang/Integer done
Event: 0.202 loading class java/lang/Long
Event: 0.202 loading class java/lang/Long done
Event: 0.207 loading class java/lang/NullPointerException
Event: 0.208 loading class java/lang/NullPointerException done
Event: 0.208 loading class java/lang/ArithmeticException
Event: 0.208 loading class java/lang/ArithmeticException done


Dynamic libraries:
0x00007ff67ee10000 - 0x00007ff67ee47000 	C:\Program Files\Java\jre1.8.0_171\bin\javaw.exe
0x00007ff907410000 - 0x00007ff9075bd000 	C:\Windows\SYSTEM32\ntdll.dll
0x00007ff904aa0000 - 0x00007ff904bde000 	C:\Windows\system32\KERNEL32.DLL
0x00007ff8de6a0000 - 0x00007ff8de6d4000 	C:\Program Files\AVG\Antivirus\x64\aswhooka.dll
0x00007ff904610000 - 0x00007ff904726000 	C:\Windows\system32\KERNELBASE.dll
0x00007ff903100000 - 0x00007ff90318e000 	C:\Windows\system32\apphelp.dll
0x00007ff8f3f90000 - 0x00007ff8f3fe3000 	C:\Windows\AppPatch\AppPatch64\AcGenral.DLL
0x00007ff904e60000 - 0x00007ff904f0a000 	C:\Windows\system32\msvcrt.dll
0x00007ff904730000 - 0x00007ff90475e000 	C:\Windows\system32\SspiCli.dll
0x00007ff9054c0000 - 0x00007ff905514000 	C:\Windows\system32\SHLWAPI.dll
0x00007ff906fc0000 - 0x00007ff907137000 	C:\Windows\system32\USER32.dll
0x00007ff905630000 - 0x00007ff9057c4000 	C:\Windows\system32\ole32.dll
0x00007ff905a80000 - 0x00007ff906fac000 	C:\Windows\system32\SHELL32.dll
0x00007ff903b50000 - 0x00007ff903b71000 	C:\Windows\SYSTEM32\USERENV.dll
0x00007ff905580000 - 0x00007ff90562a000 	C:\Windows\system32\ADVAPI32.dll
0x00007ff8fda20000 - 0x00007ff8fda3e000 	C:\Windows\SYSTEM32\MPR.dll
0x00007ff904f10000 - 0x00007ff905050000 	C:\Windows\system32\RPCRT4.dll
0x00007ff905520000 - 0x00007ff905579000 	C:\Windows\SYSTEM32\sechost.dll
0x00007ff904be0000 - 0x00007ff904df2000 	C:\Windows\SYSTEM32\combase.dll
0x00007ff905050000 - 0x00007ff90519b000 	C:\Windows\system32\GDI32.dll
0x00007ff904540000 - 0x00007ff904555000 	C:\Windows\SYSTEM32\profapi.dll
0x00007ff902b30000 - 0x00007ff902be2000 	C:\Windows\SYSTEM32\SHCORE.dll
0x00007ff9057d0000 - 0x00007ff905806000 	C:\Windows\system32\IMM32.DLL
0x00007ff905360000 - 0x00007ff9054b1000 	C:\Windows\system32\MSCTF.dll
0x00007ff902000000 - 0x00007ff90227b000 	C:\Windows\WinSxS\amd64_microsoft.windows.common-controls_6595b64144ccf1df_6.0.9600.18006_none_623f33d3ecbe86e8\COMCTL32.dll
0x0000000055920000 - 0x00000000559f2000 	C:\Program Files\Java\jre1.8.0_171\bin\msvcr100.dll
0x0000000055af0000 - 0x0000000056390000 	C:\Program Files\Java\jre1.8.0_171\bin\server\jvm.dll
0x00007ff8fa550000 - 0x00007ff8fa559000 	C:\Windows\SYSTEM32\WSOCK32.dll
0x00007ff8fe6e0000 - 0x00007ff8fe702000 	C:\Windows\SYSTEM32\WINMM.dll
0x00007ff9007d0000 - 0x00007ff9007da000 	C:\Windows\SYSTEM32\VERSION.dll
0x00007ff906fb0000 - 0x00007ff906fb7000 	C:\Windows\system32\PSAPI.DLL
0x00007ff904e00000 - 0x00007ff904e5a000 	C:\Windows\system32\WS2_32.dll
0x00007ff8fe6b0000 - 0x00007ff8fe6da000 	C:\Windows\SYSTEM32\WINMMBASE.dll
0x00007ff907320000 - 0x00007ff907329000 	C:\Windows\system32\NSI.dll
0x00007ff904760000 - 0x00007ff9047af000 	C:\Windows\SYSTEM32\cfgmgr32.dll
0x00007ff903360000 - 0x00007ff903388000 	C:\Windows\SYSTEM32\DEVOBJ.dll
0x00000000577e0000 - 0x00000000577ef000 	C:\Program Files\Java\jre1.8.0_171\bin\verify.dll
0x0000000055ac0000 - 0x0000000055ae9000 	C:\Program Files\Java\jre1.8.0_171\bin\java.dll
0x00000000577c0000 - 0x00000000577d6000 	C:\Program Files\Java\jre1.8.0_171\bin\zip.dll

VM Arguments:
jvm_args: -Dfile.encoding=UTF-8 
java_command: communityutil.com.BaiTap
java_class_path (initial): C:\Program Files\Java\jre1.8.0_171\lib\resources.jar;C:\Program Files\Java\jre1.8.0_171\lib\rt.jar;C:\Program Files\Java\jre1.8.0_171\lib\jsse.jar;C:\Program Files\Java\jre1.8.0_171\lib\jce.jar;C:\Program Files\Java\jre1.8.0_171\lib\charsets.jar;C:\Program Files\Java\jre1.8.0_171\lib\jfr.jar;C:\Program Files\Java\jre1.8.0_171\lib\ext\access-bridge-64.jar;C:\Program Files\Java\jre1.8.0_171\lib\ext\cldrdata.jar;C:\Program Files\Java\jre1.8.0_171\lib\ext\dnsns.jar;C:\Program Files\Java\jre1.8.0_171\lib\ext\jaccess.jar;C:\Program Files\Java\jre1.8.0_171\lib\ext\jfxrt.jar;C:\Program Files\Java\jre1.8.0_171\lib\ext\localedata.jar;C:\Program Files\Java\jre1.8.0_171\lib\ext\nashorn.jar;C:\Program Files\Java\jre1.8.0_171\lib\ext\sunec.jar;C:\Program Files\Java\jre1.8.0_171\lib\ext\sunjce_provider.jar;C:\Program Files\Java\jre1.8.0_171\lib\ext\sunmscapi.jar;C:\Program Files\Java\jre1.8.0_171\lib\ext\sunpkcs11.jar;C:\Program Files\Java\jre1.8.0_171\lib\ext\zipfs.jar;C:\Users\PHAMTRONG\eclipse-workspace\HocXuatChuoi\bin
Launcher Type: SUN_STANDARD

Environment Variables:
JRE_HOME=C:\Program Files\Java\jre1.8.0_171
PATH=C:/Program Files/Java/jre1.8.0_171/bin/server;C:/Program Files/Java/jre1.8.0_171/bin;C:/Program Files/Java/jre1.8.0_171/lib/amd64;C:\Program Files (x86)\Common Files\Oracle\Java\javapath;C:\Windows\system32;C:\Windows;C:\Windows\System32\Wbem;C:\apache-maven-3.5.3\bin;C:\Windows\System32\WindowsPowerShell\v1.0\;C:\Program Files\Git\cmd;C:\Program Files\TortoiseGit\bin;C:\Program Files\Microsoft SQL Server\110\Tools\Binn\;C:\Program Files (x86)\Microsoft SQL Server\110\Tools\Binn\;C:\Program Files\Microsoft SQL Server\110\DTS\Binn\;C:\Program Files (x86)\Microsoft SQL Server\110\Tools\Binn\ManagementStudio\;C:\Program Files (x86)\Microsoft Visual Studio 10.0\Common7\IDE\PrivateAssemblies\;C:\Program Files (x86)\Microsoft SQL Server\110\DTS\Binn\;C:\Windows\System32;
USERNAME=PHAMTRONG
OS=Windows_NT
PROCESSOR_IDENTIFIER=Intel64 Family 6 Model 42 Stepping 7, GenuineIntel



---------------  S Y S T E M  ---------------

OS: Windows 8.1 , 64 bit Build 9600 (6.3.9600.17415)

CPU:total 4 (initial active 4) (2 cores per cpu, 2 threads per core) family 6 model 42 stepping 7, cmov, cx8, fxsr, mmx, sse, sse2, sse3, ssse3, sse4.1, sse4.2, popcnt, avx, aes, clmul, ht, tsc, tscinvbit

Memory: 4k page, physical 4072376k(1196092k free), swap 7218104k(5568k free)

vm_info: Java HotSpot(TM) 64-Bit Server VM (25.171-b11) for windows-amd64 JRE (1.8.0_171-b11), built on Mar 28 2018 16:06:12 by "java_re" with MS VC++ 10.0 (VS2010)

time: Mon Jun 18 13:14:14 2018
elapsed time: 0 seconds (0d 0h 0m 0s)

